#
# A fatal error has been detected by the Java Runtime Environment:
#
#  EXCEPTION_ACCESS_VIOLATION (0xc0000005) at pc=0x00000000000000fa, pid=18844, tid=20704
#
# JRE version: OpenJDK Runtime Environment (17.0.11) (build 17.0.11+0--11852314)
# Java VM: OpenJDK 64-Bit Server VM (17.0.11+0--11852314, mixed mode, tiered, compressed oops, compressed class ptrs, g1 gc, windows-amd64)
# Problematic frame:
# V  [jvm.dll+0x317fc1]
#
# No core dump will be written. Minidumps are not enabled by default on client versions of Windows
#
# If you would like to submit a bug report, please visit:
#   https://bugreport.java.com/bugreport/crash.jsp
#

---------------  S U M M A R Y ------------

Command Line: --add-opens=java.base/java.util=ALL-UNNAMED --add-opens=java.base/java.lang=ALL-UNNAMED --add-opens=java.base/java.lang.invoke=ALL-UNNAMED --add-opens=java.prefs/java.util.prefs=ALL-UNNAMED --add-opens=java.base/java.nio.charset=ALL-UNNAMED --add-opens=java.base/java.net=ALL-UNNAMED --add-opens=java.base/java.util.concurrent.atomic=ALL-UNNAMED -Xmx2048m -Dfile.encoding=UTF-8 -Duser.country=MX -Duser.language=es -Duser.variant -javaagent:C:\Users\ivanv\.gradle\wrapper\dists\gradle-8.7-bin\bhs2wmbdwecv87pi65oeuq5iu\gradle-8.7\lib\agents\gradle-instrumentation-agent-8.7.jar org.gradle.launcher.daemon.bootstrap.GradleDaemon 8.7

Host: AMD Ryzen 5 4600H with Radeon Graphics         , 12 cores, 15G,  Windows 11 , 64 bit Build 26100 (10.0.26100.3323)
Time: Wed Mar  5 15:30:07 2025 Hora estándar central (México) elapsed time: 9.338734 seconds (0d 0h 0m 9s)

---------------  T H R E A D  ---------------

Current thread (0x00000182f67eb040):  GCTaskThread "GC Thread#7" [stack: 0x00000069baa00000,0x00000069bab00000] [id=20704]

Stack: [0x00000069baa00000,0x00000069bab00000],  sp=0x00000069baaff730,  free space=1021k
Native frames: (J=compiled Java code, j=interpreted, Vv=VM code, C=native code)
C  0x00000000000000fa


siginfo: EXCEPTION_ACCESS_VIOLATION (0xc0000005), data execution prevention violation at address 0x00000000000000fa


Registers:
RAX=0x0000000000000182, RBX=0x0000000084c26268, RCX=0x00000069baaff7f0, RDX=0x0000000084c26268
RSP=0x00000069baaff728, RBP=0x00000182f052dcb0, RSI=0x0000000084c26268, RDI=0x0000000000000800
R8 =0x0000000100001d88, R9 =0x0000000000000000, R10=0x0000000000000096, R11=0x00000182e9206120
R12=0x0000000084c28000, R13=0x00007ffc0b2a0000, R14=0x0000000000000000, R15=0x0000000084c26268
RIP=0x00000000000000fa, EFLAGS=0x0000000000010206


Register to memory mapping:

RIP=0x00000000000000fa is an unknown value
RAX=0x0000000000000182 is an unknown value
RBX=